c:\projects\calcuator - copy\debug\moc_calculator.cpp
c:\projects\calcuator - copy\debug\moc_mainwindow.cpp
c:\projects\calcuator - copy\debug\mainwindow.obj
c:\projects\calcuator - copy\debug\main.obj
c:\projects\calcuator - copy\debug\calculator.obj
c:\projects\calcuator - copy\debug\vc143.pdb
c:\projects\calcuator - copy\debug\moc_calculator.obj
c:\projects\calcuator - copy\debug\moc_mainwindow.obj
c:\projects\calcuator - copy\debug\moc_predefs.h
c:\projects\calcuator - copy\debug\calculator.exe
c:\projects\calcuator - copy\debug\calculator.ilk
c:\projects\calcuator - copy\debug\calculator.pdb
c:\projects\calcuator - copy\debug\calculator.tlog\calculator.write.1u.tlog
c:\projects\calcuator - copy\debug\calculator.tlog\cl.command.1.tlog
c:\projects\calcuator - copy\debug\calculator.tlog\cl.read.1.tlog
c:\projects\calcuator - copy\debug\calculator.tlog\cl.write.1.tlog
c:\projects\calcuator - copy\debug\calculator.tlog\custombuild.command.1.tlog
c:\projects\calcuator - copy\debug\calculator.tlog\custombuild.read.1.tlog
c:\projects\calcuator - copy\debug\calculator.tlog\custombuild.write.1.tlog
c:\projects\calcuator - copy\debug\calculator.tlog\link.command.1.tlog
c:\projects\calcuator - copy\debug\calculator.tlog\link.read.1.tlog
c:\projects\calcuator - copy\debug\calculator.tlog\link.write.1.tlog
c:\projects\calcuator - copy\debug\calculator.tlog\moc.read.1u.tlog
c:\projects\calcuator - copy\debug\calculator.tlog\moc.write.1u.tlog
